<?xml version="1.0" encoding="UTF-8"?>
<!-- Generated by org.testng.reporters.JUnitXMLReporter -->
<testsuite ignored="0" hostname="techtrail-desktop" failures="0" tests="3" name="Default test" time="22.65" errors="0" timestamp="2022-11-02T11:21:11 IST">
  <testcase classname="com.new_Xuriti_project.TC_11_K_Buyer_invoice_upload" name="Launch_Xuriti" time="5.96"/>
  <testcase classname="com.new_Xuriti_project.TC_11_K_Buyer_invoice_upload" name="User_Login" time="6.321"/>
  <testcase classname="com.new_Xuriti_project.TC_11_K_Buyer_invoice_upload" name="Buyer_invoice_upload" time="10.328"/>
</testsuite> <!-- Default test -->
