<?xml version="1.0" encoding="UTF-8"?>
<!-- Generated by org.testng.reporters.JUnitXMLReporter -->
<testsuite ignored="0" hostname="techtrail-HP-ProBook-640-G2" failures="3" tests="3" name="Map_report" time="5.087" errors="0" timestamp="2022-11-08T15:59:45 IST">
  <testcase classname="Test.NewTest" name="f" time="0.01">
    <failure type="java.lang.NullPointerException">
      <![CDATA[java.lang.NullPointerException
at Test.NewTest.f(NewTest.java:27)
at java.base/java.util.ArrayList.forEach(ArrayList.java:1541)
... Removed 27 stack frames]]>
    </failure>
  </testcase> <!-- f -->
  <testcase classname="Test.NewTest" name="f1" time="0.005">
    <failure type="java.lang.NullPointerException">
      <![CDATA[java.lang.NullPointerException
at com.new_Xuriti_project.Homepage_Admin_Panel.lauchApp(Homepage_Admin_Panel.java:35)
at Test.NewTest.f1(NewTest.java:36)
at java.base/java.util.ArrayList.forEach(ArrayList.java:1541)
... Removed 27 stack frames]]>
    </failure>
  </testcase> <!-- f1 -->
  <testcase classname="Test.NewTest" name="f2" time="5.01">
    <failure type="java.lang.NullPointerException">
      <![CDATA[java.lang.NullPointerException
at Test.NewTest.f2(NewTest.java:47)
at java.base/java.util.ArrayList.forEach(ArrayList.java:1541)
... Removed 27 stack frames]]>
    </failure>
  </testcase> <!-- f2 -->
</testsuite> <!-- Map_report -->
