<?xml version="1.0" encoding="UTF-8"?>
<testng-results ignored="0" total="2" passed="2" failed="0" skipped="0">
  <reporter-output>
  </reporter-output>
  <suite started-at="2022-11-05T15:35:50 IST" name="Suite" finished-at="2022-11-05T15:36:07 IST" duration-ms="17604">
    <groups>
    </groups>
    <test started-at="2022-11-05T15:35:50 IST" name="Test" finished-at="2022-11-05T15:36:07 IST" duration-ms="17604">
      <class name="com.new_Xuriti_project.TC_01_A_SignUP">
        <test-method signature="Launch_Xuriti()[pri:-2, instance:com.new_Xuriti_project.TC_01_A_SignUP@33afa13b]" started-at="2022-11-05T15:35:50 IST" name="Launch_Xuriti" finished-at="2022-11-05T15:35:53 IST" duration-ms="3795" status="PASS">
          <reporter-output>
          </reporter-output>
        </test-method> <!-- Launch_Xuriti -->
        <test-method signature="User_signup()[pri:-1, instance:com.new_Xuriti_project.TC_01_A_SignUP@33afa13b]" started-at="2022-11-05T15:35:53 IST" name="User_signup" finished-at="2022-11-05T15:36:07 IST" duration-ms="13762" status="PASS">
          <reporter-output>
          </reporter-output>
        </test-method> <!-- User_signup -->
      </class> <!-- com.new_Xuriti_project.TC_01_A_SignUP -->
    </test> <!-- Test -->
  </suite> <!-- Suite -->
</testng-results>
